[Info  - 05:55:31.996] Reading sessions from keychain...
[Info  - 05:55:32.34] Getting sessions for all scopes...
[Info  - 05:55:32.35] Got 0 sessions for ...
[Info  - 05:55:32.38] Getting sessions for read:user...
[Info  - 05:55:32.38] Got 0 sessions for read:user...
[Info  - 05:55:55.930] Getting sessions for read:user,repo,user:email,workflow...
[Info  - 05:55:55.930] Got 0 sessions for read:user,repo,user:email,workflow...
[Info  - 05:55:55.940] Getting sessions for read:user,repo,user:email...
[Info  - 05:55:55.941] Got 0 sessions for read:user,repo,user:email...
[Info  - 05:56:02.624] Getting sessions for read:user...
[Info  - 05:56:02.624] Got 0 sessions for read:user...
[Info  - 05:56:03.707] Logging in for the following scopes: read:user
[Info  - 05:56:03.707] Trying to retrieve PAT... (read:user)
[Info  - 05:00:11.93] Getting token scopes...
[Info  - 05:00:11.454] Getting user info...
[Info  - 05:00:11.864] Got account info!
[Info  - 05:00:11.865] Storing 1 sessions...
[Info  - 05:00:11.907] Reading sessions from keychain...
[Info  - 05:00:11.907] Stored 1 sessions!
[Info  - 05:00:11.907] Login success!
[Trace  - 05:00:11.949] Token acquired from secret storage.
[Info  - 05:00:11.949] Got stored sessions!
[Trace  - 05:00:11.949] Read the following session from the keychain with the following scopes: read:user
[Info  - 05:00:11.950] Got 1 verified sessions.
[Info  - 05:00:11.953] Getting sessions for read:user,repo,user:email,workflow...
[Info  - 05:00:11.953] Got 0 sessions for read:user,repo,user:email,workflow...
[Info  - 05:00:11.962] Getting sessions for read:user,repo,user:email...
[Info  - 05:00:11.962] Got 0 sessions for read:user,repo,user:email...
