[2022-06-17T05:30:44.018Z] Log level: Info
[2022-06-17T05:30:44.018Z] [info] Validating found git in: git
[2022-06-17T05:30:44.035Z] [info] Using git 2.36.1 from git
[2022-06-17T05:30:44.105Z] > git rev-parse --show-toplevel [54ms]
[2022-06-17T05:30:44.105Z] fatal: not a git repository (or any parent up to mount point /run/media/spandan)
Stopping at filesystem boundary (GIT_DISCOVERY_ACROSS_FILESYSTEM not set).
[2022-06-17T05:30:44.127Z] > git rev-parse --show-toplevel [4ms]
[2022-06-17T05:30:44.127Z] fatal: not a git repository (or any parent up to mount point /run/media/spandan)
Stopping at filesystem boundary (GIT_DISCOVERY_ACROSS_FILESYSTEM not set).
[2022-06-17T05:30:44.174Z] > git rev-parse --show-toplevel [37ms]
[2022-06-17T05:30:44.175Z] fatal: not a git repository (or any parent up to mount point /run/media/spandan)
Stopping at filesystem boundary (GIT_DISCOVERY_ACROSS_FILESYSTEM not set).
[2022-06-17T05:30:44.201Z] > git rev-parse --show-toplevel [18ms]
[2022-06-17T05:30:44.201Z] fatal: not a git repository (or any parent up to mount point /run/media/spandan)
Stopping at filesystem boundary (GIT_DISCOVERY_ACROSS_FILESYSTEM not set).
[2022-06-17T05:30:50.916Z] > git rev-parse --show-toplevel [3ms]
[2022-06-17T05:30:50.916Z] fatal: not a git repository (or any parent up to mount point /run/media/spandan)
Stopping at filesystem boundary (GIT_DISCOVERY_ACROSS_FILESYSTEM not set).
[2022-06-17T05:31:10.500Z] > git rev-parse --show-toplevel [3ms]
[2022-06-17T05:31:10.500Z] fatal: not a git repository (or any parent up to mount point /run/media/spandan)
Stopping at filesystem boundary (GIT_DISCOVERY_ACROSS_FILESYSTEM not set).
[2022-06-17T05:31:14.199Z] > git rev-parse --show-toplevel [1ms]
[2022-06-17T05:31:14.199Z] fatal: not a git repository (or any parent up to mount point /run/media/spandan)
Stopping at filesystem boundary (GIT_DISCOVERY_ACROSS_FILESYSTEM not set).
